<?xml version="1.0" encoding="UTF-8"?>
<!-- Generated by org.testng.reporters.JUnitReportReporter -->
<testsuite hostname="MacBook-Pro-de-Luis.local" failures="0" tests="3" name="rpa.NotepadTest" time="6.677" errors="0" timestamp="2020-10-30T12:34:11 CLST" skipped="0">
  <testcase classname="rpa.NotepadTest" name="checkAboutWindow" time="2.743"/>
  <system-out/>
  <testcase classname="rpa.NotepadTest" name="pressTimeAndDateButton" time="2.038"/>
  <system-out/>
  <testcase classname="rpa.NotepadTest" name="sendTestText" time="1.896"/>
  <system-out/>
</testsuite> <!-- rpa.NotepadTest -->
